

Started GET "/" for 127.0.0.1 at 2014-06-08 16:17:21 +0300

ActiveRecord::PendingMigrationError (

Migrations are pending. To resolve this issue, run:

	bin/rake db:migrate RAILS_ENV=development

):
  activerecord (4.1.1) lib/active_record/migration.rb:389:in `check_pending!'
  activerecord (4.1.1) lib/active_record/migration.rb:377:in `call'
  actionpack (4.1.1) lib/action_dispatch/middleware/callbacks.rb:29:in `block in call'
  activesupport (4.1.1) lib/active_support/callbacks.rb:82:in `run_callbacks'
  actionpack (4.1.1) lib/action_dispatch/middleware/callbacks.rb:27:in `call'
  actionpack (4.1.1) lib/action_dispatch/middleware/reloader.rb:73:in `call'
  actionpack (4.1.1) lib/action_dispatch/middleware/remote_ip.rb:76:in `call'
  actionpack (4.1.1) lib/action_dispatch/middleware/debug_exceptions.rb:17:in `call'
  actionpack (4.1.1) lib/action_dispatch/middleware/show_exceptions.rb:30:in `call'
  railties (4.1.1) lib/rails/rack/logger.rb:38:in `call_app'
  railties (4.1.1) lib/rails/rack/logger.rb:20:in `block in call'
  activesupport (4.1.1) lib/active_support/tagged_logging.rb:68:in `block in tagged'
  activesupport (4.1.1) lib/active_support/tagged_logging.rb:26:in `tagged'
  activesupport (4.1.1) lib/active_support/tagged_logging.rb:68:in `tagged'
  railties (4.1.1) lib/rails/rack/logger.rb:20:in `call'
  actionpack (4.1.1) lib/action_dispatch/middleware/request_id.rb:21:in `call'
  rack (1.5.2) lib/rack/methodoverride.rb:21:in `call'
  rack (1.5.2) lib/rack/runtime.rb:17:in `call'
  activesupport (4.1.1) lib/active_support/cache/strategy/local_cache_middleware.rb:26:in `call'
  rack (1.5.2) lib/rack/lock.rb:17:in `call'
  actionpack (4.1.1) lib/action_dispatch/middleware/static.rb:64:in `call'
  rack (1.5.2) lib/rack/sendfile.rb:112:in `call'
  railties (4.1.1) lib/rails/engine.rb:514:in `call'
  railties (4.1.1) lib/rails/application.rb:144:in `call'
  rack (1.5.2) lib/rack/lock.rb:17:in `call'
  rack (1.5.2) lib/rack/content_length.rb:14:in `call'
  rack (1.5.2) lib/rack/handler/webrick.rb:60:in `service'
  /home/max/.rvm/rubies/ruby-2.1.1/lib/ruby/2.1.0/webrick/httpserver.rb:138:in `service'
  /home/max/.rvm/rubies/ruby-2.1.1/lib/ruby/2.1.0/webrick/httpserver.rb:94:in `run'
  /home/max/.rvm/rubies/ruby-2.1.1/lib/ruby/2.1.0/webrick/server.rb:295:in `block in start_thread'


  Rendered /home/max/.rvm/gems/ruby-2.1.1/gems/actionpack-4.1.1/lib/action_dispatch/middleware/templates/rescues/_source.erb (2.1ms)
  Rendered /home/max/.rvm/gems/ruby-2.1.1/gems/actionpack-4.1.1/lib/action_dispatch/middleware/templates/rescues/_trace.html.erb (4.3ms)
  Rendered /home/max/.rvm/gems/ruby-2.1.1/gems/actionpack-4.1.1/lib/action_dispatch/middleware/templates/rescues/_request_and_response.html.erb (3.7ms)
  Rendered /home/max/.rvm/gems/ruby-2.1.1/gems/actionpack-4.1.1/lib/action_dispatch/middleware/templates/rescues/diagnostics.erb within rescues/layout (84.7ms)


Started GET "/" for 127.0.0.1 at 2014-06-08 16:17:21 +0300

ActiveRecord::PendingMigrationError (

Migrations are pending. To resolve this issue, run:

	bin/rake db:migrate RAILS_ENV=development

):
  activerecord (4.1.1) lib/active_record/migration.rb:389:in `check_pending!'
  activerecord (4.1.1) lib/active_record/migration.rb:377:in `call'
  actionpack (4.1.1) lib/action_dispatch/middleware/callbacks.rb:29:in `block in call'
  activesupport (4.1.1) lib/active_support/callbacks.rb:82:in `run_callbacks'
  actionpack (4.1.1) lib/action_dispatch/middleware/callbacks.rb:27:in `call'
  actionpack (4.1.1) lib/action_dispatch/middleware/reloader.rb:73:in `call'
  actionpack (4.1.1) lib/action_dispatch/middleware/remote_ip.rb:76:in `call'
  actionpack (4.1.1) lib/action_dispatch/middleware/debug_exceptions.rb:17:in `call'
  actionpack (4.1.1) lib/action_dispatch/middleware/show_exceptions.rb:30:in `call'
  railties (4.1.1) lib/rails/rack/logger.rb:38:in `call_app'
  railties (4.1.1) lib/rails/rack/logger.rb:20:in `block in call'
  activesupport (4.1.1) lib/active_support/tagged_logging.rb:68:in `block in tagged'
  activesupport (4.1.1) lib/active_support/tagged_logging.rb:26:in `tagged'
  activesupport (4.1.1) lib/active_support/tagged_logging.rb:68:in `tagged'
  railties (4.1.1) lib/rails/rack/logger.rb:20:in `call'
  actionpack (4.1.1) lib/action_dispatch/middleware/request_id.rb:21:in `call'
  rack (1.5.2) lib/rack/methodoverride.rb:21:in `call'
  rack (1.5.2) lib/rack/runtime.rb:17:in `call'
  activesupport (4.1.1) lib/active_support/cache/strategy/local_cache_middleware.rb:26:in `call'
  rack (1.5.2) lib/rack/lock.rb:17:in `call'
  actionpack (4.1.1) lib/action_dispatch/middleware/static.rb:64:in `call'
  rack (1.5.2) lib/rack/sendfile.rb:112:in `call'
  railties (4.1.1) lib/rails/engine.rb:514:in `call'
  railties (4.1.1) lib/rails/application.rb:144:in `call'
  rack (1.5.2) lib/rack/lock.rb:17:in `call'
  rack (1.5.2) lib/rack/content_length.rb:14:in `call'
  rack (1.5.2) lib/rack/handler/webrick.rb:60:in `service'
  /home/max/.rvm/rubies/ruby-2.1.1/lib/ruby/2.1.0/webrick/httpserver.rb:138:in `service'
  /home/max/.rvm/rubies/ruby-2.1.1/lib/ruby/2.1.0/webrick/httpserver.rb:94:in `run'
  /home/max/.rvm/rubies/ruby-2.1.1/lib/ruby/2.1.0/webrick/server.rb:295:in `block in start_thread'


  Rendered /home/max/.rvm/gems/ruby-2.1.1/gems/actionpack-4.1.1/lib/action_dispatch/middleware/templates/rescues/_source.erb (0.9ms)
  Rendered /home/max/.rvm/gems/ruby-2.1.1/gems/actionpack-4.1.1/lib/action_dispatch/middleware/templates/rescues/_trace.html.erb (1.9ms)
  Rendered /home/max/.rvm/gems/ruby-2.1.1/gems/actionpack-4.1.1/lib/action_dispatch/middleware/templates/rescues/_request_and_response.html.erb (1.5ms)
  Rendered /home/max/.rvm/gems/ruby-2.1.1/gems/actionpack-4.1.1/lib/action_dispatch/middleware/templates/rescues/diagnostics.erb within rescues/layout (19.8ms)
  [1m[36m (122.5ms)[0m  [1mCREATE TABLE "schema_migrations" ("version" varchar(255) NOT NULL) [0m
  [1m[35m (0.3ms)[0m  select sqlite_version(*)
  [1m[36m (165.2ms)[0m  [1mCREATE UNIQUE INDEX "unique_schema_migrations" ON "schema_migrations" ("version")[0m
  [1m[35mActiveRecord::SchemaMigration Load (0.6ms)[0m  SELECT "schema_migrations".* FROM "schema_migrations"
Migrating to DeviseCreateUsers (20140607123117)
  [1m[36m (0.2ms)[0m  [1mbegin transaction[0m
  [1m[35m (1.4ms)[0m  CREATE TABLE "users" ("id" INTEGER PRIMARY KEY AUTOINCREMENT NOT NULL, "email" varchar(255) DEFAULT '' NOT NULL, "encrypted_password" varchar(255) DEFAULT '' NOT NULL, "reset_password_token" varchar(255), "reset_password_sent_at" datetime, "remember_created_at" datetime, "sign_in_count" integer DEFAULT 0 NOT NULL, "current_sign_in_at" datetime, "last_sign_in_at" datetime, "current_sign_in_ip" varchar(255), "last_sign_in_ip" varchar(255), "name" varchar(255), "surname" varchar(255), "nic" varchar(255), "city" varchar(255), "created_at" datetime, "updated_at" datetime) 
  [1m[36m (0.7ms)[0m  [1mCREATE UNIQUE INDEX "index_users_on_email" ON "users" ("email")[0m
  [1m[35m (0.3ms)[0m              SELECT sql
            FROM sqlite_master
            WHERE name='index_users_on_email' AND type='index'
            UNION ALL
            SELECT sql
            FROM sqlite_temp_master
            WHERE name='index_users_on_email' AND type='index'

  [1m[36m (0.5ms)[0m  [1mCREATE UNIQUE INDEX "index_users_on_reset_password_token" ON "users" ("reset_password_token")[0m
  [1m[35mSQL (0.3ms)[0m  INSERT INTO "schema_migrations" ("version") VALUES (?)  [["version", "20140607123117"]]
  [1m[36m (101.9ms)[0m  [1mcommit transaction[0m
Migrating to CreatePosts (20140607124358)
  [1m[35m (0.2ms)[0m  begin transaction
  [1m[36m (0.9ms)[0m  [1mCREATE TABLE "posts" ("id" INTEGER PRIMARY KEY AUTOINCREMENT NOT NULL, "user_id" integer, "body" varchar(255), "created_at" datetime, "updated_at" datetime) [0m
  [1m[35mSQL (1.1ms)[0m  INSERT INTO "schema_migrations" ("version") VALUES (?)  [["version", "20140607124358"]]
  [1m[36m (170.6ms)[0m  [1mcommit transaction[0m
  [1m[35mActiveRecord::SchemaMigration Load (0.4ms)[0m  SELECT "schema_migrations".* FROM "schema_migrations"
  [1m[36m (0.4ms)[0m  [1m            SELECT sql
            FROM sqlite_master
            WHERE name='index_users_on_reset_password_token' AND type='index'
            UNION ALL
            SELECT sql
            FROM sqlite_temp_master
            WHERE name='index_users_on_reset_password_token' AND type='index'
[0m
  [1m[35m (0.3ms)[0m              SELECT sql
            FROM sqlite_master
            WHERE name='index_users_on_email' AND type='index'
            UNION ALL
            SELECT sql
            FROM sqlite_temp_master
            WHERE name='index_users_on_email' AND type='index'



Started GET "/" for 127.0.0.1 at 2014-06-08 16:18:05 +0300
  [1m[36mActiveRecord::SchemaMigration Load (0.2ms)[0m  [1mSELECT "schema_migrations".* FROM "schema_migrations"[0m
Processing by HomeController#index as HTML
  Rendered home/index.html.erb within layouts/application (1.5ms)
Completed 200 OK in 2801ms (Views: 2714.1ms | ActiveRecord: 0.0ms)


Started GET "/assets/bootstrap.css?body=1" for 127.0.0.1 at 2014-06-08 16:18:08 +0300


Started GET "/assets/home.css?body=1" for 127.0.0.1 at 2014-06-08 16:18:08 +0300


Started GET "/assets/posts.css?body=1" for 127.0.0.1 at 2014-06-08 16:18:08 +0300


Started GET "/assets/scaffolds.css?body=1" for 127.0.0.1 at 2014-06-08 16:18:08 +0300


Started GET "/assets/persons.css?body=1" for 127.0.0.1 at 2014-06-08 16:18:08 +0300


Started GET "/assets/jquery.js?body=1" for 127.0.0.1 at 2014-06-08 16:18:08 +0300


Started GET "/assets/application.css?body=1" for 127.0.0.1 at 2014-06-08 16:18:08 +0300


Started GET "/assets/jquery_ujs.js?body=1" for 127.0.0.1 at 2014-06-08 16:18:08 +0300


Started GET "/assets/bootstrap.js?body=1" for 127.0.0.1 at 2014-06-08 16:18:08 +0300


Started GET "/assets/home.js?body=1" for 127.0.0.1 at 2014-06-08 16:18:08 +0300


Started GET "/assets/turbolinks.js?body=1" for 127.0.0.1 at 2014-06-08 16:18:08 +0300


Started GET "/assets/persons.js?body=1" for 127.0.0.1 at 2014-06-08 16:18:08 +0300


Started GET "/assets/posts.js?body=1" for 127.0.0.1 at 2014-06-08 16:18:08 +0300


Started GET "/assets/application.js?body=1" for 127.0.0.1 at 2014-06-08 16:18:08 +0300


Started GET "/users/sign_up" for 127.0.0.1 at 2014-06-08 16:18:13 +0300
Processing by RegistrationsController#new as HTML
  Rendered devise/shared/_links.erb (4.5ms)
  Rendered devise/registrations/new.html.erb within layouts/application (198.3ms)
Completed 200 OK in 233ms (Views: 210.3ms | ActiveRecord: 0.8ms)


Started POST "/users" for 127.0.0.1 at 2014-06-08 16:18:34 +0300
Processing by RegistrationsController#create as HTML
  Parameters: {"utf8"=>"✓", "authenticity_token"=>"CQz01mlw/0BtKpwKGalwKm4J6mqT/Cnw0avvnbsQ3sY=", "user"=>{"email"=>"max231194@mail.ru", "password"=>"[FILTERED]", "password_confirmation"=>"[FILTERED]", "name"=>"Maxim", "surname"=>"Baranok", "nic"=>"maxbaranok", "city"=>""}, "commit"=>"Sign up"}
  [1m[35m (0.1ms)[0m  begin transaction
  [1m[36mUser Exists (0.5ms)[0m  [1mSELECT  1 AS one FROM "users"  WHERE "users"."email" = 'max231194@mail.ru' LIMIT 1[0m
Binary data inserted for `string` type on column `encrypted_password`
  [1m[35mSQL (0.6ms)[0m  INSERT INTO "users" ("city", "created_at", "email", "encrypted_password", "name", "nic", "surname", "updated_at") VALUES (?, ?, ?, ?, ?, ?, ?, ?)  [["city", ""], ["created_at", "2014-06-08 13:18:35.361846"], ["email", "max231194@mail.ru"], ["encrypted_password", "$2a$10$CBSQ2elBwkgBw6RLZXD1NOWDjRfKOqjcMDo58O17klgr8ltTerrK2"], ["name", "Maxim"], ["nic", "maxbaranok"], ["surname", "Baranok"], ["updated_at", "2014-06-08 13:18:35.361846"]]
  [1m[36m (375.5ms)[0m  [1mcommit transaction[0m
Redirected to http://localhost:3000/users/sign_in
Completed 302 Found in 1555ms (ActiveRecord: 376.8ms)


Started GET "/users/sign_in" for 127.0.0.1 at 2014-06-08 16:18:35 +0300
Processing by Devise::SessionsController#new as HTML
  Rendered devise/shared/_links.erb (2.1ms)
  Rendered devise/sessions/new.html.erb within layouts/application (59.0ms)
Completed 200 OK in 89ms (Views: 74.4ms | ActiveRecord: 0.0ms)


Started GET "/assets/persons.css?body=1" for 127.0.0.1 at 2014-06-08 16:18:36 +0300


Started GET "/assets/posts.css?body=1" for 127.0.0.1 at 2014-06-08 16:18:36 +0300


Started GET "/assets/jquery.js?body=1" for 127.0.0.1 at 2014-06-08 16:18:36 +0300


Started GET "/assets/application.css?body=1" for 127.0.0.1 at 2014-06-08 16:18:36 +0300


Started GET "/assets/jquery_ujs.js?body=1" for 127.0.0.1 at 2014-06-08 16:18:36 +0300


Started GET "/assets/turbolinks.js?body=1" for 127.0.0.1 at 2014-06-08 16:18:36 +0300


Started GET "/assets/home.css?body=1" for 127.0.0.1 at 2014-06-08 16:18:36 +0300


Started GET "/assets/home.js?body=1" for 127.0.0.1 at 2014-06-08 16:18:36 +0300


Started GET "/assets/persons.js?body=1" for 127.0.0.1 at 2014-06-08 16:18:36 +0300


Started GET "/assets/posts.js?body=1" for 127.0.0.1 at 2014-06-08 16:18:36 +0300


Started POST "/users/sign_in" for 127.0.0.1 at 2014-06-08 16:18:38 +0300
Processing by Devise::SessionsController#create as HTML
  Parameters: {"utf8"=>"✓", "authenticity_token"=>"CQz01mlw/0BtKpwKGalwKm4J6mqT/Cnw0avvnbsQ3sY=", "user"=>{"email"=>"max231194@mail.ru", "password"=>"[FILTERED]", "remember_me"=>"0"}, "commit"=>"Sign in"}
  [1m[35mUser Load (0.7ms)[0m  SELECT  "users".* FROM "users"  WHERE "users"."email" = 'max231194@mail.ru'  ORDER BY "users"."id" ASC LIMIT 1
  [1m[36m (0.2ms)[0m  [1mbegin transaction[0m
Binary data inserted for `string` type on column `current_sign_in_ip`
Binary data inserted for `string` type on column `last_sign_in_ip`
  [1m[35mSQL (0.4ms)[0m  UPDATE "users" SET "current_sign_in_at" = ?, "current_sign_in_ip" = ?, "last_sign_in_at" = ?, "last_sign_in_ip" = ?, "sign_in_count" = ?, "updated_at" = ? WHERE "users"."id" = 1  [["current_sign_in_at", "2014-06-08 13:18:38.999919"], ["current_sign_in_ip", "127.0.0.1"], ["last_sign_in_at", "2014-06-08 13:18:38.999919"], ["last_sign_in_ip", "127.0.0.1"], ["sign_in_count", 1], ["updated_at", "2014-06-08 13:18:39.001910"]]
  [1m[36m (302.1ms)[0m  [1mcommit transaction[0m
Redirected to http://localhost:3000/
Completed 302 Found in 508ms (ActiveRecord: 303.4ms)


Started GET "/" for 127.0.0.1 at 2014-06-08 16:18:39 +0300
Processing by HomeController#index as HTML
  [1m[35mUser Load (0.7ms)[0m  SELECT  "users".* FROM "users"  WHERE "users"."id" = 1  ORDER BY "users"."id" ASC LIMIT 1
Redirected to http://localhost:3000/persons/profile
Completed 302 Found in 6ms (ActiveRecord: 0.7ms)


Started GET "/persons/profile" for 127.0.0.1 at 2014-06-08 16:18:39 +0300
Processing by PersonsController#profile as HTML
  [1m[36mUser Load (0.4ms)[0m  [1mSELECT  "users".* FROM "users"  WHERE "users"."id" = 1  ORDER BY "users"."id" ASC LIMIT 1[0m
  [1m[35mPost Exists (0.3ms)[0m  SELECT  1 AS one FROM "posts"  WHERE "posts"."user_id" = ? LIMIT 1  [["user_id", 1]]
  Rendered persons/profile.html.erb within layouts/application (135.3ms)
Completed 200 OK in 193ms (Views: 149.4ms | ActiveRecord: 1.7ms)


Started GET "/assets/home.css?body=1" for 127.0.0.1 at 2014-06-08 16:18:39 +0300


Started GET "/assets/posts.css?body=1" for 127.0.0.1 at 2014-06-08 16:18:39 +0300


Started GET "/assets/application.css?body=1" for 127.0.0.1 at 2014-06-08 16:18:39 +0300


Started GET "/assets/persons.css?body=1" for 127.0.0.1 at 2014-06-08 16:18:39 +0300


Started GET "/assets/jquery.js?body=1" for 127.0.0.1 at 2014-06-08 16:18:39 +0300


Started GET "/assets/jquery_ujs.js?body=1" for 127.0.0.1 at 2014-06-08 16:18:39 +0300


Started GET "/assets/persons.js?body=1" for 127.0.0.1 at 2014-06-08 16:18:39 +0300


Started GET "/assets/home.js?body=1" for 127.0.0.1 at 2014-06-08 16:18:39 +0300


Started GET "/assets/turbolinks.js?body=1" for 127.0.0.1 at 2014-06-08 16:18:39 +0300


Started GET "/assets/posts.js?body=1" for 127.0.0.1 at 2014-06-08 16:18:39 +0300


Started GET "/images/image.jpg" for 127.0.0.1 at 2014-06-08 16:18:39 +0300

ActionController::RoutingError (No route matches [GET] "/images/image.jpg"):
  actionpack (4.1.1) lib/action_dispatch/middleware/debug_exceptions.rb:21:in `call'
  actionpack (4.1.1) lib/action_dispatch/middleware/show_exceptions.rb:30:in `call'
  railties (4.1.1) lib/rails/rack/logger.rb:38:in `call_app'
  railties (4.1.1) lib/rails/rack/logger.rb:20:in `block in call'
  activesupport (4.1.1) lib/active_support/tagged_logging.rb:68:in `block in tagged'
  activesupport (4.1.1) lib/active_support/tagged_logging.rb:26:in `tagged'
  activesupport (4.1.1) lib/active_support/tagged_logging.rb:68:in `tagged'
  railties (4.1.1) lib/rails/rack/logger.rb:20:in `call'
  actionpack (4.1.1) lib/action_dispatch/middleware/request_id.rb:21:in `call'
  rack (1.5.2) lib/rack/methodoverride.rb:21:in `call'
  rack (1.5.2) lib/rack/runtime.rb:17:in `call'
  activesupport (4.1.1) lib/active_support/cache/strategy/local_cache_middleware.rb:26:in `call'
  rack (1.5.2) lib/rack/lock.rb:17:in `call'
  actionpack (4.1.1) lib/action_dispatch/middleware/static.rb:64:in `call'
  rack (1.5.2) lib/rack/sendfile.rb:112:in `call'
  railties (4.1.1) lib/rails/engine.rb:514:in `call'
  railties (4.1.1) lib/rails/application.rb:144:in `call'
  rack (1.5.2) lib/rack/lock.rb:17:in `call'
  rack (1.5.2) lib/rack/content_length.rb:14:in `call'
  rack (1.5.2) lib/rack/handler/webrick.rb:60:in `service'
  /home/max/.rvm/rubies/ruby-2.1.1/lib/ruby/2.1.0/webrick/httpserver.rb:138:in `service'
  /home/max/.rvm/rubies/ruby-2.1.1/lib/ruby/2.1.0/webrick/httpserver.rb:94:in `run'
  /home/max/.rvm/rubies/ruby-2.1.1/lib/ruby/2.1.0/webrick/server.rb:295:in `block in start_thread'


  Rendered /home/max/.rvm/gems/ruby-2.1.1/gems/actionpack-4.1.1/lib/action_dispatch/middleware/templates/rescues/_trace.html.erb (2.4ms)
  Rendered /home/max/.rvm/gems/ruby-2.1.1/gems/actionpack-4.1.1/lib/action_dispatch/middleware/templates/routes/_route.html.erb (4.7ms)
  Rendered /home/max/.rvm/gems/ruby-2.1.1/gems/actionpack-4.1.1/lib/action_dispatch/middleware/templates/routes/_table.html.erb (6.1ms)
  Rendered /home/max/.rvm/gems/ruby-2.1.1/gems/actionpack-4.1.1/lib/action_dispatch/middleware/templates/rescues/routing_error.html.erb within rescues/layout (49.8ms)


Started GET "/persons/read_writers" for 127.0.0.1 at 2014-06-08 16:18:44 +0300
Processing by PersonsController#read_writers as HTML
  [1m[36mUser Load (0.4ms)[0m  [1mSELECT  "users".* FROM "users"  WHERE "users"."id" = 1  ORDER BY "users"."id" ASC LIMIT 1[0m
  [1m[35mUser Load (0.4ms)[0m  SELECT "users".* FROM "users"
  Rendered persons/_user.erb (0.9ms)
  Rendered persons/read_writers.html.erb within layouts/application (6.8ms)
Completed 200 OK in 20ms (Views: 17.1ms | ActiveRecord: 0.8ms)


Started GET "/persons/feed" for 127.0.0.1 at 2014-06-08 16:18:47 +0300
Processing by PersonsController#feed as HTML
  [1m[36mUser Load (0.7ms)[0m  [1mSELECT  "users".* FROM "users"  WHERE "users"."id" = 1  ORDER BY "users"."id" ASC LIMIT 1[0m
  [1m[35mPost Load (0.2ms)[0m  SELECT "posts".* FROM "posts"
  Rendered persons/_post.html.erb (0.0ms)
  Rendered persons/feed.html.erb within layouts/application (2.5ms)
Completed 200 OK in 21ms (Views: 16.0ms | ActiveRecord: 1.0ms)


Started GET "/" for 127.0.0.1 at 2014-06-08 16:18:49 +0300
Processing by HomeController#index as HTML
  [1m[36mUser Load (0.3ms)[0m  [1mSELECT  "users".* FROM "users"  WHERE "users"."id" = 1  ORDER BY "users"."id" ASC LIMIT 1[0m
Redirected to http://localhost:3000/persons/profile
Completed 302 Found in 4ms (ActiveRecord: 0.3ms)


Started GET "/persons/profile" for 127.0.0.1 at 2014-06-08 16:18:49 +0300
Processing by PersonsController#profile as HTML
  [1m[35mUser Load (0.7ms)[0m  SELECT  "users".* FROM "users"  WHERE "users"."id" = 1  ORDER BY "users"."id" ASC LIMIT 1
  [1m[36mPost Exists (0.2ms)[0m  [1mSELECT  1 AS one FROM "posts"  WHERE "posts"."user_id" = ? LIMIT 1[0m  [["user_id", 1]]
  Rendered persons/profile.html.erb within layouts/application (22.3ms)
Completed 200 OK in 38ms (Views: 32.1ms | ActiveRecord: 0.9ms)


Started GET "/images/image.jpg" for 127.0.0.1 at 2014-06-08 16:18:50 +0300

ActionController::RoutingError (No route matches [GET] "/images/image.jpg"):
  actionpack (4.1.1) lib/action_dispatch/middleware/debug_exceptions.rb:21:in `call'
  actionpack (4.1.1) lib/action_dispatch/middleware/show_exceptions.rb:30:in `call'
  railties (4.1.1) lib/rails/rack/logger.rb:38:in `call_app'
  railties (4.1.1) lib/rails/rack/logger.rb:20:in `block in call'
  activesupport (4.1.1) lib/active_support/tagged_logging.rb:68:in `block in tagged'
  activesupport (4.1.1) lib/active_support/tagged_logging.rb:26:in `tagged'
  activesupport (4.1.1) lib/active_support/tagged_logging.rb:68:in `tagged'
  railties (4.1.1) lib/rails/rack/logger.rb:20:in `call'
  actionpack (4.1.1) lib/action_dispatch/middleware/request_id.rb:21:in `call'
  rack (1.5.2) lib/rack/methodoverride.rb:21:in `call'
  rack (1.5.2) lib/rack/runtime.rb:17:in `call'
  activesupport (4.1.1) lib/active_support/cache/strategy/local_cache_middleware.rb:26:in `call'
  rack (1.5.2) lib/rack/lock.rb:17:in `call'
  actionpack (4.1.1) lib/action_dispatch/middleware/static.rb:64:in `call'
  rack (1.5.2) lib/rack/sendfile.rb:112:in `call'
  railties (4.1.1) lib/rails/engine.rb:514:in `call'
  railties (4.1.1) lib/rails/application.rb:144:in `call'
  rack (1.5.2) lib/rack/lock.rb:17:in `call'
  rack (1.5.2) lib/rack/content_length.rb:14:in `call'
  rack (1.5.2) lib/rack/handler/webrick.rb:60:in `service'
  /home/max/.rvm/rubies/ruby-2.1.1/lib/ruby/2.1.0/webrick/httpserver.rb:138:in `service'
  /home/max/.rvm/rubies/ruby-2.1.1/lib/ruby/2.1.0/webrick/httpserver.rb:94:in `run'
  /home/max/.rvm/rubies/ruby-2.1.1/lib/ruby/2.1.0/webrick/server.rb:295:in `block in start_thread'


  Rendered /home/max/.rvm/gems/ruby-2.1.1/gems/actionpack-4.1.1/lib/action_dispatch/middleware/templates/rescues/_trace.html.erb (1.8ms)
  Rendered /home/max/.rvm/gems/ruby-2.1.1/gems/actionpack-4.1.1/lib/action_dispatch/middleware/templates/routes/_route.html.erb (4.3ms)
  Rendered /home/max/.rvm/gems/ruby-2.1.1/gems/actionpack-4.1.1/lib/action_dispatch/middleware/templates/routes/_table.html.erb (1.9ms)
  Rendered /home/max/.rvm/gems/ruby-2.1.1/gems/actionpack-4.1.1/lib/action_dispatch/middleware/templates/rescues/routing_error.html.erb within rescues/layout (36.5ms)


Started GET "/persons/feed" for 127.0.0.1 at 2014-06-08 16:18:51 +0300
Processing by PersonsController#feed as HTML
  [1m[35mUser Load (0.3ms)[0m  SELECT  "users".* FROM "users"  WHERE "users"."id" = 1  ORDER BY "users"."id" ASC LIMIT 1
  [1m[36mPost Load (0.2ms)[0m  [1mSELECT "posts".* FROM "posts"[0m
  Rendered persons/_post.html.erb (0.0ms)
  Rendered persons/feed.html.erb within layouts/application (2.3ms)
Completed 200 OK in 15ms (Views: 12.1ms | ActiveRecord: 0.5ms)


Started GET "/" for 127.0.0.1 at 2014-06-08 16:18:52 +0300
Processing by HomeController#index as HTML
  [1m[35mUser Load (0.3ms)[0m  SELECT  "users".* FROM "users"  WHERE "users"."id" = 1  ORDER BY "users"."id" ASC LIMIT 1
Redirected to http://localhost:3000/persons/profile
Completed 302 Found in 4ms (ActiveRecord: 0.3ms)


Started GET "/persons/profile" for 127.0.0.1 at 2014-06-08 16:18:52 +0300
Processing by PersonsController#profile as HTML
  [1m[36mUser Load (0.4ms)[0m  [1mSELECT  "users".* FROM "users"  WHERE "users"."id" = 1  ORDER BY "users"."id" ASC LIMIT 1[0m
  [1m[35mPost Exists (0.2ms)[0m  SELECT  1 AS one FROM "posts"  WHERE "posts"."user_id" = ? LIMIT 1  [["user_id", 1]]
  Rendered persons/profile.html.erb within layouts/application (10.8ms)
Completed 200 OK in 24ms (Views: 20.8ms | ActiveRecord: 0.5ms)


Started GET "/images/image.jpg" for 127.0.0.1 at 2014-06-08 16:18:52 +0300

ActionController::RoutingError (No route matches [GET] "/images/image.jpg"):
  actionpack (4.1.1) lib/action_dispatch/middleware/debug_exceptions.rb:21:in `call'
  actionpack (4.1.1) lib/action_dispatch/middleware/show_exceptions.rb:30:in `call'
  railties (4.1.1) lib/rails/rack/logger.rb:38:in `call_app'
  railties (4.1.1) lib/rails/rack/logger.rb:20:in `block in call'
  activesupport (4.1.1) lib/active_support/tagged_logging.rb:68:in `block in tagged'
  activesupport (4.1.1) lib/active_support/tagged_logging.rb:26:in `tagged'
  activesupport (4.1.1) lib/active_support/tagged_logging.rb:68:in `tagged'
  railties (4.1.1) lib/rails/rack/logger.rb:20:in `call'
  actionpack (4.1.1) lib/action_dispatch/middleware/request_id.rb:21:in `call'
  rack (1.5.2) lib/rack/methodoverride.rb:21:in `call'
  rack (1.5.2) lib/rack/runtime.rb:17:in `call'
  activesupport (4.1.1) lib/active_support/cache/strategy/local_cache_middleware.rb:26:in `call'
  rack (1.5.2) lib/rack/lock.rb:17:in `call'
  actionpack (4.1.1) lib/action_dispatch/middleware/static.rb:64:in `call'
  rack (1.5.2) lib/rack/sendfile.rb:112:in `call'
  railties (4.1.1) lib/rails/engine.rb:514:in `call'
  railties (4.1.1) lib/rails/application.rb:144:in `call'
  rack (1.5.2) lib/rack/lock.rb:17:in `call'
  rack (1.5.2) lib/rack/content_length.rb:14:in `call'
  rack (1.5.2) lib/rack/handler/webrick.rb:60:in `service'
  /home/max/.rvm/rubies/ruby-2.1.1/lib/ruby/2.1.0/webrick/httpserver.rb:138:in `service'
  /home/max/.rvm/rubies/ruby-2.1.1/lib/ruby/2.1.0/webrick/httpserver.rb:94:in `run'
  /home/max/.rvm/rubies/ruby-2.1.1/lib/ruby/2.1.0/webrick/server.rb:295:in `block in start_thread'


  Rendered /home/max/.rvm/gems/ruby-2.1.1/gems/actionpack-4.1.1/lib/action_dispatch/middleware/templates/rescues/_trace.html.erb (1.9ms)
  Rendered /home/max/.rvm/gems/ruby-2.1.1/gems/actionpack-4.1.1/lib/action_dispatch/middleware/templates/routes/_route.html.erb (4.2ms)
  Rendered /home/max/.rvm/gems/ruby-2.1.1/gems/actionpack-4.1.1/lib/action_dispatch/middleware/templates/routes/_table.html.erb (2.0ms)
  Rendered /home/max/.rvm/gems/ruby-2.1.1/gems/actionpack-4.1.1/lib/action_dispatch/middleware/templates/rescues/routing_error.html.erb within rescues/layout (36.6ms)


Started POST "/persons/add_post" for 127.0.0.1 at 2014-06-08 16:19:02 +0300
Processing by PersonsController#add_post as HTML
  Parameters: {"utf8"=>"✓", "authenticity_token"=>"ln24c9d2Q44viO0Y3z2Oer0vYu6sLLyaH1IFMlEfv3Y=", "post"=>{"body"=>"My first post\r\n"}, "commit"=>"Чирикнуть"}
  [1m[36mUser Load (0.3ms)[0m  [1mSELECT  "users".* FROM "users"  WHERE "users"."id" = 1  ORDER BY "users"."id" ASC LIMIT 1[0m
  [1m[35m (0.1ms)[0m  begin transaction
  [1m[36mSQL (0.4ms)[0m  [1mINSERT INTO "posts" ("body", "created_at", "updated_at") VALUES (?, ?, ?)[0m  [["body", "My first post\r\n"], ["created_at", "2014-06-08 13:19:02.719964"], ["updated_at", "2014-06-08 13:19:02.719964"]]
  [1m[35m (262.5ms)[0m  commit transaction
  [1m[36m (0.2ms)[0m  [1mbegin transaction[0m
  [1m[35mSQL (0.9ms)[0m  UPDATE "posts" SET "updated_at" = ?, "user_id" = ? WHERE "posts"."id" = 1  [["updated_at", "2014-06-08 13:19:03.029695"], ["user_id", 1]]
  [1m[36m (184.9ms)[0m  [1mcommit transaction[0m
Redirected to http://localhost:3000/
Completed 302 Found in 503ms (ActiveRecord: 449.3ms)


Started GET "/" for 127.0.0.1 at 2014-06-08 16:19:03 +0300
Processing by HomeController#index as HTML
  [1m[35mUser Load (0.7ms)[0m  SELECT  "users".* FROM "users"  WHERE "users"."id" = 1  ORDER BY "users"."id" ASC LIMIT 1
Redirected to http://localhost:3000/persons/profile
Completed 302 Found in 6ms (ActiveRecord: 0.7ms)


Started GET "/persons/profile" for 127.0.0.1 at 2014-06-08 16:19:03 +0300
Processing by PersonsController#profile as HTML
  [1m[36mUser Load (0.3ms)[0m  [1mSELECT  "users".* FROM "users"  WHERE "users"."id" = 1  ORDER BY "users"."id" ASC LIMIT 1[0m
  [1m[35mPost Exists (0.2ms)[0m  SELECT  1 AS one FROM "posts"  WHERE "posts"."user_id" = ? LIMIT 1  [["user_id", 1]]
  [1m[36mPost Load (0.3ms)[0m  [1mSELECT "posts".* FROM "posts"  WHERE "posts"."user_id" = ?[0m  [["user_id", 1]]
  Rendered persons/_post.html.erb (0.7ms)
  Rendered persons/profile.html.erb within layouts/application (12.6ms)
Completed 200 OK in 26ms (Views: 21.8ms | ActiveRecord: 0.8ms)


Started GET "/assets/home.css?body=1" for 127.0.0.1 at 2014-06-08 16:19:03 +0300


Started GET "/assets/persons.css?body=1" for 127.0.0.1 at 2014-06-08 16:19:03 +0300


Started GET "/assets/jquery.js?body=1" for 127.0.0.1 at 2014-06-08 16:19:03 +0300


Started GET "/assets/application.css?body=1" for 127.0.0.1 at 2014-06-08 16:19:03 +0300


Started GET "/assets/posts.css?body=1" for 127.0.0.1 at 2014-06-08 16:19:03 +0300


Started GET "/assets/jquery_ujs.js?body=1" for 127.0.0.1 at 2014-06-08 16:19:03 +0300


Started GET "/assets/turbolinks.js?body=1" for 127.0.0.1 at 2014-06-08 16:19:03 +0300


Started GET "/assets/home.js?body=1" for 127.0.0.1 at 2014-06-08 16:19:03 +0300


Started GET "/assets/persons.js?body=1" for 127.0.0.1 at 2014-06-08 16:19:03 +0300


Started GET "/assets/posts.js?body=1" for 127.0.0.1 at 2014-06-08 16:19:03 +0300


Started GET "/images/image.jpg" for 127.0.0.1 at 2014-06-08 16:19:03 +0300

ActionController::RoutingError (No route matches [GET] "/images/image.jpg"):
  actionpack (4.1.1) lib/action_dispatch/middleware/debug_exceptions.rb:21:in `call'
  actionpack (4.1.1) lib/action_dispatch/middleware/show_exceptions.rb:30:in `call'
  railties (4.1.1) lib/rails/rack/logger.rb:38:in `call_app'
  railties (4.1.1) lib/rails/rack/logger.rb:20:in `block in call'
  activesupport (4.1.1) lib/active_support/tagged_logging.rb:68:in `block in tagged'
  activesupport (4.1.1) lib/active_support/tagged_logging.rb:26:in `tagged'
  activesupport (4.1.1) lib/active_support/tagged_logging.rb:68:in `tagged'
  railties (4.1.1) lib/rails/rack/logger.rb:20:in `call'
  actionpack (4.1.1) lib/action_dispatch/middleware/request_id.rb:21:in `call'
  rack (1.5.2) lib/rack/methodoverride.rb:21:in `call'
  rack (1.5.2) lib/rack/runtime.rb:17:in `call'
  activesupport (4.1.1) lib/active_support/cache/strategy/local_cache_middleware.rb:26:in `call'
  rack (1.5.2) lib/rack/lock.rb:17:in `call'
  actionpack (4.1.1) lib/action_dispatch/middleware/static.rb:64:in `call'
  rack (1.5.2) lib/rack/sendfile.rb:112:in `call'
  railties (4.1.1) lib/rails/engine.rb:514:in `call'
  railties (4.1.1) lib/rails/application.rb:144:in `call'
  rack (1.5.2) lib/rack/lock.rb:17:in `call'
  rack (1.5.2) lib/rack/content_length.rb:14:in `call'
  rack (1.5.2) lib/rack/handler/webrick.rb:60:in `service'
  /home/max/.rvm/rubies/ruby-2.1.1/lib/ruby/2.1.0/webrick/httpserver.rb:138:in `service'
  /home/max/.rvm/rubies/ruby-2.1.1/lib/ruby/2.1.0/webrick/httpserver.rb:94:in `run'
  /home/max/.rvm/rubies/ruby-2.1.1/lib/ruby/2.1.0/webrick/server.rb:295:in `block in start_thread'


  Rendered /home/max/.rvm/gems/ruby-2.1.1/gems/actionpack-4.1.1/lib/action_dispatch/middleware/templates/rescues/_trace.html.erb (8.3ms)
  Rendered /home/max/.rvm/gems/ruby-2.1.1/gems/actionpack-4.1.1/lib/action_dispatch/middleware/templates/routes/_route.html.erb (4.5ms)
  Rendered /home/max/.rvm/gems/ruby-2.1.1/gems/actionpack-4.1.1/lib/action_dispatch/middleware/templates/routes/_table.html.erb (2.1ms)
  Rendered /home/max/.rvm/gems/ruby-2.1.1/gems/actionpack-4.1.1/lib/action_dispatch/middleware/templates/rescues/routing_error.html.erb within rescues/layout (55.0ms)


Started GET "/persons/profile" for 127.0.0.1 at 2014-06-08 16:21:33 +0300
Processing by PersonsController#profile as HTML
  [1m[35mUser Load (0.4ms)[0m  SELECT  "users".* FROM "users"  WHERE "users"."id" = 1  ORDER BY "users"."id" ASC LIMIT 1
  [1m[36mPost Exists (0.1ms)[0m  [1mSELECT  1 AS one FROM "posts"  WHERE "posts"."user_id" = ? LIMIT 1[0m  [["user_id", 1]]
  [1m[35mPost Load (0.1ms)[0m  SELECT "posts".* FROM "posts"  WHERE "posts"."user_id" = ?  [["user_id", 1]]
  Rendered persons/_post.html.erb (0.1ms)
  Rendered persons/profile.html.erb within layouts/application (11.7ms)
Completed 200 OK in 84ms (Views: 81.4ms | ActiveRecord: 0.6ms)


Started GET "/assets/home.css?body=1" for 127.0.0.1 at 2014-06-08 16:21:33 +0300


Started GET "/assets/persons.css?body=1" for 127.0.0.1 at 2014-06-08 16:21:33 +0300


Started GET "/assets/bootstrap.css?body=1" for 127.0.0.1 at 2014-06-08 16:21:33 +0300


Started GET "/assets/scaffolds.css?body=1" for 127.0.0.1 at 2014-06-08 16:21:33 +0300


Started GET "/assets/posts.css?body=1" for 127.0.0.1 at 2014-06-08 16:21:33 +0300


Started GET "/assets/application.css?body=1" for 127.0.0.1 at 2014-06-08 16:21:33 +0300


Started GET "/assets/jquery.js?body=1" for 127.0.0.1 at 2014-06-08 16:21:33 +0300


Started GET "/assets/jquery_ujs.js?body=1" for 127.0.0.1 at 2014-06-08 16:21:33 +0300


Started GET "/assets/home.js?body=1" for 127.0.0.1 at 2014-06-08 16:21:33 +0300


Started GET "/assets/bootstrap.js?body=1" for 127.0.0.1 at 2014-06-08 16:21:33 +0300


Started GET "/assets/turbolinks.js?body=1" for 127.0.0.1 at 2014-06-08 16:21:33 +0300


Started GET "/assets/posts.js?body=1" for 127.0.0.1 at 2014-06-08 16:21:33 +0300


Started GET "/assets/persons.js?body=1" for 127.0.0.1 at 2014-06-08 16:21:33 +0300


Started GET "/assets/application.js?body=1" for 127.0.0.1 at 2014-06-08 16:21:33 +0300


Started GET "/images/image.jpg" for 127.0.0.1 at 2014-06-08 16:21:34 +0300

ActionController::RoutingError (No route matches [GET] "/images/image.jpg"):
  actionpack (4.1.1) lib/action_dispatch/middleware/debug_exceptions.rb:21:in `call'
  actionpack (4.1.1) lib/action_dispatch/middleware/show_exceptions.rb:30:in `call'
  railties (4.1.1) lib/rails/rack/logger.rb:38:in `call_app'
  railties (4.1.1) lib/rails/rack/logger.rb:20:in `block in call'
  activesupport (4.1.1) lib/active_support/tagged_logging.rb:68:in `block in tagged'
  activesupport (4.1.1) lib/active_support/tagged_logging.rb:26:in `tagged'
  activesupport (4.1.1) lib/active_support/tagged_logging.rb:68:in `tagged'
  railties (4.1.1) lib/rails/rack/logger.rb:20:in `call'
  actionpack (4.1.1) lib/action_dispatch/middleware/request_id.rb:21:in `call'
  rack (1.5.2) lib/rack/methodoverride.rb:21:in `call'
  rack (1.5.2) lib/rack/runtime.rb:17:in `call'
  activesupport (4.1.1) lib/active_support/cache/strategy/local_cache_middleware.rb:26:in `call'
  rack (1.5.2) lib/rack/lock.rb:17:in `call'
  actionpack (4.1.1) lib/action_dispatch/middleware/static.rb:64:in `call'
  rack (1.5.2) lib/rack/sendfile.rb:112:in `call'
  railties (4.1.1) lib/rails/engine.rb:514:in `call'
  railties (4.1.1) lib/rails/application.rb:144:in `call'
  rack (1.5.2) lib/rack/lock.rb:17:in `call'
  rack (1.5.2) lib/rack/content_length.rb:14:in `call'
  rack (1.5.2) lib/rack/handler/webrick.rb:60:in `service'
  /home/max/.rvm/rubies/ruby-2.1.1/lib/ruby/2.1.0/webrick/httpserver.rb:138:in `service'
  /home/max/.rvm/rubies/ruby-2.1.1/lib/ruby/2.1.0/webrick/httpserver.rb:94:in `run'
  /home/max/.rvm/rubies/ruby-2.1.1/lib/ruby/2.1.0/webrick/server.rb:295:in `block in start_thread'


  Rendered /home/max/.rvm/gems/ruby-2.1.1/gems/actionpack-4.1.1/lib/action_dispatch/middleware/templates/rescues/_trace.html.erb (1.7ms)
  Rendered /home/max/.rvm/gems/ruby-2.1.1/gems/actionpack-4.1.1/lib/action_dispatch/middleware/templates/routes/_route.html.erb (4.0ms)
  Rendered /home/max/.rvm/gems/ruby-2.1.1/gems/actionpack-4.1.1/lib/action_dispatch/middleware/templates/routes/_table.html.erb (1.8ms)
  Rendered /home/max/.rvm/gems/ruby-2.1.1/gems/actionpack-4.1.1/lib/action_dispatch/middleware/templates/rescues/routing_error.html.erb within rescues/layout (54.6ms)


Started GET "/persons/profile" for 127.0.0.1 at 2014-06-08 16:22:25 +0300
Processing by PersonsController#profile as HTML
  [1m[36mUser Load (0.4ms)[0m  [1mSELECT  "users".* FROM "users"  WHERE "users"."id" = 1  ORDER BY "users"."id" ASC LIMIT 1[0m
  [1m[35mPost Exists (0.1ms)[0m  SELECT  1 AS one FROM "posts"  WHERE "posts"."user_id" = ? LIMIT 1  [["user_id", 1]]
  [1m[36mPost Load (0.1ms)[0m  [1mSELECT "posts".* FROM "posts"  WHERE "posts"."user_id" = ?[0m  [["user_id", 1]]
  Rendered persons/_post.html.erb (0.1ms)
  Rendered persons/profile.html.erb within layouts/application (10.9ms)
Completed 200 OK in 22ms (Views: 19.2ms | ActiveRecord: 0.7ms)


Started GET "/assets/bootstrap.css?body=1" for 127.0.0.1 at 2014-06-08 16:22:25 +0300


Started GET "/assets/scaffolds.css?body=1" for 127.0.0.1 at 2014-06-08 16:22:25 +0300


Started GET "/assets/application.css?body=1" for 127.0.0.1 at 2014-06-08 16:22:25 +0300


Started GET "/assets/home.css?body=1" for 127.0.0.1 at 2014-06-08 16:22:25 +0300


Started GET "/assets/posts.css?body=1" for 127.0.0.1 at 2014-06-08 16:22:25 +0300


Started GET "/assets/jquery.js?body=1" for 127.0.0.1 at 2014-06-08 16:22:25 +0300


Started GET "/assets/persons.css?body=1" for 127.0.0.1 at 2014-06-08 16:22:25 +0300


Started GET "/assets/jquery_ujs.js?body=1" for 127.0.0.1 at 2014-06-08 16:22:25 +0300


Started GET "/assets/turbolinks.js?body=1" for 127.0.0.1 at 2014-06-08 16:22:25 +0300


Started GET "/assets/home.js?body=1" for 127.0.0.1 at 2014-06-08 16:22:25 +0300


Started GET "/assets/bootstrap.js?body=1" for 127.0.0.1 at 2014-06-08 16:22:25 +0300


Started GET "/assets/application.js?body=1" for 127.0.0.1 at 2014-06-08 16:22:25 +0300


Started GET "/assets/posts.js?body=1" for 127.0.0.1 at 2014-06-08 16:22:25 +0300


Started GET "/assets/persons.js?body=1" for 127.0.0.1 at 2014-06-08 16:22:25 +0300


Started GET "/images/image.jpg" for 127.0.0.1 at 2014-06-08 16:22:25 +0300

ActionController::RoutingError (No route matches [GET] "/images/image.jpg"):
  actionpack (4.1.1) lib/action_dispatch/middleware/debug_exceptions.rb:21:in `call'
  actionpack (4.1.1) lib/action_dispatch/middleware/show_exceptions.rb:30:in `call'
  railties (4.1.1) lib/rails/rack/logger.rb:38:in `call_app'
  railties (4.1.1) lib/rails/rack/logger.rb:20:in `block in call'
  activesupport (4.1.1) lib/active_support/tagged_logging.rb:68:in `block in tagged'
  activesupport (4.1.1) lib/active_support/tagged_logging.rb:26:in `tagged'
  activesupport (4.1.1) lib/active_support/tagged_logging.rb:68:in `tagged'
  railties (4.1.1) lib/rails/rack/logger.rb:20:in `call'
  actionpack (4.1.1) lib/action_dispatch/middleware/request_id.rb:21:in `call'
  rack (1.5.2) lib/rack/methodoverride.rb:21:in `call'
  rack (1.5.2) lib/rack/runtime.rb:17:in `call'
  activesupport (4.1.1) lib/active_support/cache/strategy/local_cache_middleware.rb:26:in `call'
  rack (1.5.2) lib/rack/lock.rb:17:in `call'
  actionpack (4.1.1) lib/action_dispatch/middleware/static.rb:64:in `call'
  rack (1.5.2) lib/rack/sendfile.rb:112:in `call'
  railties (4.1.1) lib/rails/engine.rb:514:in `call'
  railties (4.1.1) lib/rails/application.rb:144:in `call'
  rack (1.5.2) lib/rack/lock.rb:17:in `call'
  rack (1.5.2) lib/rack/content_length.rb:14:in `call'
  rack (1.5.2) lib/rack/handler/webrick.rb:60:in `service'
  /home/max/.rvm/rubies/ruby-2.1.1/lib/ruby/2.1.0/webrick/httpserver.rb:138:in `service'
  /home/max/.rvm/rubies/ruby-2.1.1/lib/ruby/2.1.0/webrick/httpserver.rb:94:in `run'
  /home/max/.rvm/rubies/ruby-2.1.1/lib/ruby/2.1.0/webrick/server.rb:295:in `block in start_thread'


  Rendered /home/max/.rvm/gems/ruby-2.1.1/gems/actionpack-4.1.1/lib/action_dispatch/middleware/templates/rescues/_trace.html.erb (1.9ms)
  Rendered /home/max/.rvm/gems/ruby-2.1.1/gems/actionpack-4.1.1/lib/action_dispatch/middleware/templates/routes/_route.html.erb (4.3ms)
  Rendered /home/max/.rvm/gems/ruby-2.1.1/gems/actionpack-4.1.1/lib/action_dispatch/middleware/templates/routes/_table.html.erb (1.6ms)
  Rendered /home/max/.rvm/gems/ruby-2.1.1/gems/actionpack-4.1.1/lib/action_dispatch/middleware/templates/rescues/routing_error.html.erb within rescues/layout (35.0ms)


Started GET "/persons/profile" for 127.0.0.1 at 2014-06-08 16:23:41 +0300
Processing by PersonsController#profile as HTML
  [1m[35mUser Load (0.3ms)[0m  SELECT  "users".* FROM "users"  WHERE "users"."id" = 1  ORDER BY "users"."id" ASC LIMIT 1
  [1m[36mPost Exists (0.2ms)[0m  [1mSELECT  1 AS one FROM "posts"  WHERE "posts"."user_id" = ? LIMIT 1[0m  [["user_id", 1]]
  [1m[35mPost Load (0.1ms)[0m  SELECT "posts".* FROM "posts"  WHERE "posts"."user_id" = ?  [["user_id", 1]]
  Rendered persons/_post.html.erb (0.1ms)
  Rendered persons/profile.html.erb within layouts/application (11.8ms)
Completed 200 OK in 1412ms (Views: 1408.8ms | ActiveRecord: 0.6ms)


Started GET "/persons/profile" for 127.0.0.1 at 2014-06-08 16:23:42 +0300
Processing by PersonsController#profile as HTML
  [1m[36mUser Load (0.9ms)[0m  [1mSELECT  "users".* FROM "users"  WHERE "users"."id" = 1  ORDER BY "users"."id" ASC LIMIT 1[0m
  [1m[35mPost Exists (0.2ms)[0m  SELECT  1 AS one FROM "posts"  WHERE "posts"."user_id" = ? LIMIT 1  [["user_id", 1]]
  [1m[36mPost Load (0.1ms)[0m  [1mSELECT "posts".* FROM "posts"  WHERE "posts"."user_id" = ?[0m  [["user_id", 1]]
  Rendered persons/_post.html.erb (0.1ms)
  Rendered persons/profile.html.erb within layouts/application (15.1ms)
Completed 200 OK in 33ms (Views: 26.7ms | ActiveRecord: 1.1ms)


Started GET "/assets/bootstrap.css?body=1" for 127.0.0.1 at 2014-06-08 16:23:42 +0300


Started GET "/assets/home.css?body=1" for 127.0.0.1 at 2014-06-08 16:23:42 +0300


Started GET "/assets/persons.css?body=1" for 127.0.0.1 at 2014-06-08 16:23:42 +0300


Started GET "/assets/posts.css?body=1" for 127.0.0.1 at 2014-06-08 16:23:42 +0300


Started GET "/assets/scaffolds.css?body=1" for 127.0.0.1 at 2014-06-08 16:23:42 +0300


Started GET "/assets/application.css?body=1" for 127.0.0.1 at 2014-06-08 16:23:42 +0300


Started GET "/assets/jquery_ujs.js?body=1" for 127.0.0.1 at 2014-06-08 16:23:42 +0300


Started GET "/assets/turbolinks.js?body=1" for 127.0.0.1 at 2014-06-08 16:23:42 +0300


Started GET "/assets/jquery.js?body=1" for 127.0.0.1 at 2014-06-08 16:23:42 +0300


Started GET "/assets/bootstrap.js?body=1" for 127.0.0.1 at 2014-06-08 16:23:42 +0300


Started GET "/assets/home.js?body=1" for 127.0.0.1 at 2014-06-08 16:23:42 +0300


Started GET "/assets/persons.js?body=1" for 127.0.0.1 at 2014-06-08 16:23:42 +0300


Started GET "/assets/turbolinks.js?body=1" for 127.0.0.1 at 2014-06-08 16:23:43 +0300


Started GET "/persons/profile" for 127.0.0.1 at 2014-06-08 16:23:43 +0300
Processing by PersonsController#profile as HTML
  [1m[35mUser Load (0.4ms)[0m  SELECT  "users".* FROM "users"  WHERE "users"."id" = 1  ORDER BY "users"."id" ASC LIMIT 1
  [1m[36mPost Exists (0.2ms)[0m  [1mSELECT  1 AS one FROM "posts"  WHERE "posts"."user_id" = ? LIMIT 1[0m  [["user_id", 1]]
  [1m[35mPost Load (0.2ms)[0m  SELECT "posts".* FROM "posts"  WHERE "posts"."user_id" = ?  [["user_id", 1]]
  Rendered persons/_post.html.erb (0.1ms)
  Rendered persons/profile.html.erb within layouts/application (10.6ms)
Completed 200 OK in 22ms (Views: 19.0ms | ActiveRecord: 0.7ms)


Started GET "/assets/bootstrap.js?body=1" for 127.0.0.1 at 2014-06-08 16:23:43 +0300


Started GET "/assets/bootstrap.css?body=1" for 127.0.0.1 at 2014-06-08 16:23:43 +0300


Started GET "/assets/home.css?body=1" for 127.0.0.1 at 2014-06-08 16:23:43 +0300


Started GET "/assets/posts.css?body=1" for 127.0.0.1 at 2014-06-08 16:23:43 +0300


Started GET "/assets/persons.css?body=1" for 127.0.0.1 at 2014-06-08 16:23:43 +0300


Started GET "/assets/scaffolds.css?body=1" for 127.0.0.1 at 2014-06-08 16:23:43 +0300


Started GET "/assets/bootstrap.js?body=1" for 127.0.0.1 at 2014-06-08 16:23:43 +0300


Started GET "/assets/jquery.js?body=1" for 127.0.0.1 at 2014-06-08 16:23:43 +0300


Started GET "/assets/turbolinks.js?body=1" for 127.0.0.1 at 2014-06-08 16:23:43 +0300


Started GET "/assets/application.css?body=1" for 127.0.0.1 at 2014-06-08 16:23:43 +0300


Started GET "/assets/jquery_ujs.js?body=1" for 127.0.0.1 at 2014-06-08 16:23:43 +0300


Started GET "/assets/home.js?body=1" for 127.0.0.1 at 2014-06-08 16:23:43 +0300


Started GET "/assets/persons.js?body=1" for 127.0.0.1 at 2014-06-08 16:23:43 +0300


Started GET "/assets/application.js?body=1" for 127.0.0.1 at 2014-06-08 16:23:43 +0300


Started GET "/assets/posts.js?body=1" for 127.0.0.1 at 2014-06-08 16:23:43 +0300


Started GET "/images/image.jpg" for 127.0.0.1 at 2014-06-08 16:23:43 +0300

ActionController::RoutingError (No route matches [GET] "/images/image.jpg"):
  actionpack (4.1.1) lib/action_dispatch/middleware/debug_exceptions.rb:21:in `call'
  actionpack (4.1.1) lib/action_dispatch/middleware/show_exceptions.rb:30:in `call'
  railties (4.1.1) lib/rails/rack/logger.rb:38:in `call_app'
  railties (4.1.1) lib/rails/rack/logger.rb:20:in `block in call'
  activesupport (4.1.1) lib/active_support/tagged_logging.rb:68:in `block in tagged'
  activesupport (4.1.1) lib/active_support/tagged_logging.rb:26:in `tagged'
  activesupport (4.1.1) lib/active_support/tagged_logging.rb:68:in `tagged'
  railties (4.1.1) lib/rails/rack/logger.rb:20:in `call'
  actionpack (4.1.1) lib/action_dispatch/middleware/request_id.rb:21:in `call'
  rack (1.5.2) lib/rack/methodoverride.rb:21:in `call'
  rack (1.5.2) lib/rack/runtime.rb:17:in `call'
  activesupport (4.1.1) lib/active_support/cache/strategy/local_cache_middleware.rb:26:in `call'
  rack (1.5.2) lib/rack/lock.rb:17:in `call'
  actionpack (4.1.1) lib/action_dispatch/middleware/static.rb:64:in `call'
  rack (1.5.2) lib/rack/sendfile.rb:112:in `call'
  railties (4.1.1) lib/rails/engine.rb:514:in `call'
  railties (4.1.1) lib/rails/application.rb:144:in `call'
  rack (1.5.2) lib/rack/lock.rb:17:in `call'
  rack (1.5.2) lib/rack/content_length.rb:14:in `call'
  rack (1.5.2) lib/rack/handler/webrick.rb:60:in `service'
  /home/max/.rvm/rubies/ruby-2.1.1/lib/ruby/2.1.0/webrick/httpserver.rb:138:in `service'
  /home/max/.rvm/rubies/ruby-2.1.1/lib/ruby/2.1.0/webrick/httpserver.rb:94:in `run'
  /home/max/.rvm/rubies/ruby-2.1.1/lib/ruby/2.1.0/webrick/server.rb:295:in `block in start_thread'


  Rendered /home/max/.rvm/gems/ruby-2.1.1/gems/actionpack-4.1.1/lib/action_dispatch/middleware/templates/rescues/_trace.html.erb (1.8ms)
  Rendered /home/max/.rvm/gems/ruby-2.1.1/gems/actionpack-4.1.1/lib/action_dispatch/middleware/templates/routes/_route.html.erb (4.2ms)
  Rendered /home/max/.rvm/gems/ruby-2.1.1/gems/actionpack-4.1.1/lib/action_dispatch/middleware/templates/routes/_table.html.erb (1.7ms)
  Rendered /home/max/.rvm/gems/ruby-2.1.1/gems/actionpack-4.1.1/lib/action_dispatch/middleware/templates/rescues/routing_error.html.erb within rescues/layout (36.5ms)
